
> team-website@0.1.0 test
> react-scripts test --coverage

PASS src/App.test.tsx
  ✓ renders author link (66 ms)

----------------------|---------|----------|---------|---------|-------------------
File                  | % Stmts | % Branch | % Funcs | % Lines | Uncovered Line #s 
----------------------|---------|----------|---------|---------|-------------------
All files             |   41.66 |    71.42 |      25 |   41.66 |                   
 App.tsx              |   54.54 |      100 |   16.66 |   54.54 | 23-156            
 BadCounter.tsx       |      50 |      100 |   33.33 |      50 | 8-11              
 Counter.tsx          |      50 |      100 |   33.33 |      50 | 11-12             
 clickThroughMeme.tsx |   71.42 |      100 |      50 |   71.42 | 15-16             
 index.tsx            |       0 |      100 |     100 |       0 | 7-17              
 reportWebVitals.ts   |       0 |        0 |       0 |       0 | 3-10              
----------------------|---------|----------|---------|---------|-------------------
Test Suites: 1 passed, 1 total
Tests:       1 passed, 1 total
Snapshots:   0 total
Time:        2.086 s
Ran all test suites.
